2021-02-19 16:28:39 INFO  MoveCommand:79 - Executor moved DOWN
2021-02-19 16:28:39 INFO  MoveCommand:79 - Executor moved LEFT
2021-02-19 16:28:39 INFO  MoveCommand:79 - Executor moved LEFT
2021-02-19 16:28:39 INFO  MoveCommand:79 - Executor moved UP
2021-02-19 16:28:39 INFO  MoveCommand:79 - Executor moved UP
2021-02-19 16:28:39 INFO  MoveCommand:79 - Executor moved UP
2021-02-19 16:28:39 INFO  MoveCommand:79 - Executor moved RIGHT
2021-02-19 16:28:39 INFO  MoveCommand:83 - Field cell set to FILLED at executor new coordinates: (x: 0, y: 1)
2021-02-19 16:28:39 INFO  MoveCommand:79 - Executor moved RIGHT
2021-02-19 16:28:39 INFO  MoveCommand:83 - Field cell set to FILLED at executor new coordinates: (x: 0, y: 2)
2021-02-19 16:28:39 ERROR TeleportCommand:43 - Got wrong coordinates.
2021-02-19 16:28:39 INFO  TeleportCommand:50 - Executor coordinates changed to (x: 3, y: 4)
2021-02-19 16:29:42 INFO  InitCommand:43 - Field resized.
2021-02-19 16:29:42 INFO  InitCommand:45 - Executor coordinates changed.
2021-02-19 16:29:42 INFO  Interpreter:31 - Executor mode set to ward mode.
2021-02-19 16:29:42 INFO  Interpreter:31 - Executor mode set to ward mode.
2021-02-19 16:29:42 INFO  DrawCommand:35 - Executor mode set to draw mode.
2021-02-19 16:29:42 INFO  DrawCommand:37 - Field cell set to FILLED at (x: 1, y: 1)
2021-02-19 16:29:42 INFO  MoveCommand:79 - Executor moved RIGHT
2021-02-19 16:29:42 INFO  MoveCommand:79 - Executor moved RIGHT
2021-02-19 16:29:42 INFO  MoveCommand:79 - Executor moved DOWN
2021-02-19 16:29:42 INFO  MoveCommand:79 - Executor moved DOWN
2021-02-19 16:29:42 INFO  MoveCommand:79 - Executor moved DOWN
2021-02-19 16:29:42 INFO  MoveCommand:79 - Executor moved LEFT
2021-02-19 16:29:42 INFO  MoveCommand:79 - Executor moved LEFT
2021-02-19 16:29:42 INFO  MoveCommand:79 - Executor moved UP
2021-02-19 16:29:42 INFO  MoveCommand:79 - Executor moved UP
2021-02-19 16:29:42 INFO  MoveCommand:79 - Executor moved UP
2021-02-19 16:29:42 INFO  MoveCommand:79 - Executor moved RIGHT
2021-02-19 16:29:42 INFO  MoveCommand:83 - Field cell set to FILLED at executor new coordinates: (x: 0, y: 1)
2021-02-19 16:29:42 INFO  MoveCommand:79 - Executor moved RIGHT
2021-02-19 16:29:42 INFO  MoveCommand:83 - Field cell set to FILLED at executor new coordinates: (x: 0, y: 2)
2021-02-19 16:29:42 ERROR MoveCommand:101 - Got wrong steps number.
2021-02-19 16:29:42 ERROR MoveCommand:101 - Got wrong steps number.
2021-02-19 16:29:42 ERROR MoveCommand:92 - Got wrong args number.
2021-02-19 16:29:42 ERROR TeleportCommand:43 - Got wrong coordinates.
2021-02-19 16:29:42 INFO  TeleportCommand:50 - Executor coordinates changed to (x: 3, y: 4)
2021-02-19 16:29:42 INFO  CommandFactory:59 - Created new command.
2021-02-19 16:29:42 INFO  CommandFactory:40 - Found command in cache.
2021-02-19 16:29:42 INFO  CommandFactory:40 - Found command in cache.
2021-02-19 16:29:42 INFO  CommandFactory:59 - Created new command.
2021-02-19 16:29:42 INFO  CommandFactory:40 - Found command in cache.
2021-02-19 16:29:42 INFO  CommandFactory:40 - Found command in cache.
2021-02-19 16:29:42 INFO  CommandFactory:59 - Created new command.
2021-02-19 16:29:42 INFO  CommandFactory:40 - Found command in cache.
2021-02-19 16:29:42 INFO  CommandFactory:40 - Found command in cache.
2021-02-19 16:29:42 INFO  CommandFactory:59 - Created new command.
2021-02-19 16:29:42 INFO  CommandFactory:40 - Found command in cache.
2021-02-19 16:29:42 INFO  CommandFactory:40 - Found command in cache.
2021-02-19 16:29:42 INFO  CommandFactory:59 - Created new command.
2021-02-19 16:29:42 INFO  CommandFactory:40 - Found command in cache.
2021-02-19 16:29:42 INFO  CommandFactory:40 - Found command in cache.
